{
  "stats": {
    "suites": 4,
    "tests": 4,
    "passes": 4,
    "pending": 0,
    "failures": 0,
    "start": "2021-10-03T17:00:14.590Z",
    "end": "2021-10-03T17:09:49.893Z",
    "duration": 39158,
    "testsRegistered": 4,
    "passPercent": 100,
    "pendingPercent": 0,
    "other": 0,
    "hasOther": false,
    "skipped": 0,
    "hasSkipped": false
  },
  "results": [
    {
      "uuid": "1baa7bb9-cd6b-40f6-8d6b-01f572dfa186",
      "title": "",
      "fullFile": "cypress/integration/Homepage.spec.js",
      "file": "cypress/integration/Homepage.spec.js",
      "beforeHooks": [],
      "afterHooks": [],
      "tests": [],
      "suites": [
        {
          "uuid": "0cafea14-637d-4e92-b952-9c77864fee22",
          "title": "Homepage tests",
          "fullFile": "",
          "file": "",
          "beforeHooks": [],
          "afterHooks": [],
          "tests": [
            {
              "title": "should search using the keyword 'team'",
              "fullTitle": "Homepage tests should search using the keyword 'team'",
              "timedOut": null,
              "duration": 9367,
              "state": "passed",
              "speed": "slow",
              "pass": true,
              "fail": false,
              "pending": false,
              "context": null,
              "code": "cy.get('.btns').click();\ncy.wait(2000);\ncy.get('#quick-search-bar').type('team');\ncy.get('button > svg').click();\ncy.wait(2000); //1. The number of results in the 'Discussions' column is 15\ncy.get('div.SearchResults__results--3vt64 >a').should('have.length', 15); //2. There is a 'Show more' element on the bottom of the list\ncy.get('div.SearchResults__showMoreButton__wrapper--17N8v > button').should('be.visible'); //3. There are 8 categories in the 'Filter by category' section\ncy.get('div.Filters__filters--2CzDk > button').should('have.length', 8);",
              "err": {},
              "uuid": "bc78a6d3-b57f-49aa-a914-8e0179d87ad3",
              "parentUUID": "0cafea14-637d-4e92-b952-9c77864fee22",
              "isHook": false,
              "skipped": false
            }
          ],
          "suites": [],
          "passes": [
            "bc78a6d3-b57f-49aa-a914-8e0179d87ad3"
          ],
          "failures": [],
          "pending": [],
          "skipped": [],
          "duration": 9367,
          "root": false,
          "rootEmpty": false,
          "_timeout": 2000
        }
      ],
      "passes": [],
      "failures": [],
      "pending": [],
      "skipped": [],
      "duration": 0,
      "root": true,
      "rootEmpty": true,
      "_timeout": 2000
    },
    {
      "uuid": "dfd7491a-f3ff-415d-91f6-bc055e0b8e51",
      "title": "",
      "fullFile": "cypress/integration/Homepage.spec.js",
      "file": "cypress/integration/Homepage.spec.js",
      "beforeHooks": [],
      "afterHooks": [],
      "tests": [],
      "suites": [
        {
          "uuid": "1c96a6ce-3a3b-47af-9cbe-9037eb485aa0",
          "title": "Homepage tests",
          "fullFile": "",
          "file": "",
          "beforeHooks": [],
          "afterHooks": [],
          "tests": [
            {
              "title": "should search using the keyword 'team'",
              "fullTitle": "Homepage tests should search using the keyword 'team'",
              "timedOut": null,
              "duration": 9317,
              "state": "passed",
              "speed": "slow",
              "pass": true,
              "fail": false,
              "pending": false,
              "context": null,
              "code": "cy.get('.btns').click();\ncy.wait(2000);\ncy.get('#quick-search-bar').type('team');\ncy.get('button > svg').click();\ncy.wait(2000); //1. The number of results in the 'Discussions' column is 15\ncy.get('div.SearchResults__results--3vt64 >a').should('have.length', 15); //2. There is a 'Show more' element on the bottom of the list\ncy.get('div.SearchResults__showMoreButton__wrapper--17N8v > button').should('be.visible'); //3. There are 8 categories in the 'Filter by category' section\ncy.get('div.Filters__filters--2CzDk > button').should('have.length', 8);",
              "err": {},
              "uuid": "2eddbf1c-0212-454d-a24f-c2334a02cec8",
              "parentUUID": "1c96a6ce-3a3b-47af-9cbe-9037eb485aa0",
              "isHook": false,
              "skipped": false
            }
          ],
          "suites": [],
          "passes": [
            "2eddbf1c-0212-454d-a24f-c2334a02cec8"
          ],
          "failures": [],
          "pending": [],
          "skipped": [],
          "duration": 9317,
          "root": false,
          "rootEmpty": false,
          "_timeout": 2000
        }
      ],
      "passes": [],
      "failures": [],
      "pending": [],
      "skipped": [],
      "duration": 0,
      "root": true,
      "rootEmpty": true,
      "_timeout": 2000
    },
    {
      "uuid": "e34bf3fa-02cc-40e9-95aa-1d24fafe8eef",
      "title": "",
      "fullFile": "cypress/integration/Homepage.spec.js",
      "file": "cypress/integration/Homepage.spec.js",
      "beforeHooks": [],
      "afterHooks": [],
      "tests": [],
      "suites": [
        {
          "uuid": "481e0f21-10ba-4914-bfb6-f743575dab0c",
          "title": "Homepage tests",
          "fullFile": "",
          "file": "",
          "beforeHooks": [],
          "afterHooks": [],
          "tests": [
            {
              "title": "should search using the keyword 'team'",
              "fullTitle": "Homepage tests should search using the keyword 'team'",
              "timedOut": null,
              "duration": 9228,
              "state": "passed",
              "speed": "slow",
              "pass": true,
              "fail": false,
              "pending": false,
              "context": null,
              "code": "cy.get('.btns').click();\ncy.wait(2000);\ncy.get('#quick-search-bar').type('team');\ncy.get('button > svg').click();\ncy.wait(2000); //1. The number of results in the 'Discussions' column is 15\ncy.get('div.SearchResults__results--3vt64 >a').should('have.length', 15); //2. There is a 'Show more' element on the bottom of the list\ncy.get('div.SearchResults__showMoreButton__wrapper--17N8v > button').should('be.visible'); //3. There are 8 categories in the 'Filter by category' section\ncy.get('div.Filters__filters--2CzDk > button').should('have.length', 8);",
              "err": {},
              "uuid": "7a969be2-fac9-4552-b65f-3021d25ab108",
              "parentUUID": "481e0f21-10ba-4914-bfb6-f743575dab0c",
              "isHook": false,
              "skipped": false
            }
          ],
          "suites": [],
          "passes": [
            "7a969be2-fac9-4552-b65f-3021d25ab108"
          ],
          "failures": [],
          "pending": [],
          "skipped": [],
          "duration": 9228,
          "root": false,
          "rootEmpty": false,
          "_timeout": 2000
        }
      ],
      "passes": [],
      "failures": [],
      "pending": [],
      "skipped": [],
      "duration": 0,
      "root": true,
      "rootEmpty": true,
      "_timeout": 2000
    },
    {
      "uuid": "b83e5fa1-86f0-4b57-9a35-9eabd0cd46f7",
      "title": "",
      "fullFile": "cypress/integration/Homepage.spec.js",
      "file": "cypress/integration/Homepage.spec.js",
      "beforeHooks": [],
      "afterHooks": [],
      "tests": [],
      "suites": [
        {
          "uuid": "0df3dd7c-a6a2-4408-9df9-58f101813c9e",
          "title": "Homepage tests",
          "fullFile": "",
          "file": "",
          "beforeHooks": [],
          "afterHooks": [],
          "tests": [
            {
              "title": "should search using the keyword 'team'",
              "fullTitle": "Homepage tests should search using the keyword 'team'",
              "timedOut": null,
              "duration": 11246,
              "state": "passed",
              "speed": "slow",
              "pass": true,
              "fail": false,
              "pending": false,
              "context": null,
              "code": "cy.get('.btns').click();\ncy.wait(2000);\ncy.get('#quick-search-bar').type('team');\ncy.get('button > svg').click();\ncy.wait(2000); //1. The number of results in the 'Discussions' column is 15\ncy.get('div.SearchResults__results--3vt64 >a').should('have.length', 15); //2. There is a 'Show more' element on the bottom of the list\ncy.get('div.SearchResults__showMoreButton__wrapper--17N8v > button').should('be.visible'); //3. There are 8 categories in the 'Filter by category' section\ncy.get('div.Filters__filters--2CzDk > button').should('have.length', 8);",
              "err": {},
              "uuid": "b61307af-718c-449e-8a8c-bb322aa4f1d0",
              "parentUUID": "0df3dd7c-a6a2-4408-9df9-58f101813c9e",
              "isHook": false,
              "skipped": false
            }
          ],
          "suites": [],
          "passes": [
            "b61307af-718c-449e-8a8c-bb322aa4f1d0"
          ],
          "failures": [],
          "pending": [],
          "skipped": [],
          "duration": 11246,
          "root": false,
          "rootEmpty": false,
          "_timeout": 2000
        }
      ],
      "passes": [],
      "failures": [],
      "pending": [],
      "skipped": [],
      "duration": 0,
      "root": true,
      "rootEmpty": true,
      "_timeout": 2000
    }
  ],
  "meta": {
    "mocha": {
      "version": "7.0.1"
    },
    "mochawesome": {
      "options": {
        "quiet": false,
        "reportFilename": "mochawesome",
        "saveHtml": false,
        "saveJson": true,
        "consoleReporter": "spec",
        "useInlineDiffs": false,
        "code": true
      },
      "version": "6.3.0"
    },
    "marge": {
      "options": {
        "id": "default",
        "reportDir": "cypress/reports/mocha",
        "quite": true,
        "overwrite": false,
        "html": false,
        "json": true
      },
      "version": "5.2.0"
    }
  }
}